2019-04-07T18:14:44.360Z [PP] [33m[4minfo[24m[39m: 	[33m[4m[24m[39m
[33m[4m*** STARTING THE APPLICATION ***[24m[39m
[33m[4m[24m[39m
2019-04-07T18:14:44.361Z [PP] [33m[4minfo[24m[39m: 	[33m[4m[24m[39m
[33m[4m*** CONNECTING TO THE DATABASE ***[24m[39m
[33m[4m[24m[39m
2019-04-07T18:14:44.381Z [PP] [31m[1merror[22m[39m: 	[31m[1m\database.js: database connection error[22m[39m
2019-04-07T18:14:44.383Z [PP] [31m[1merror[22m[39m: 	[31m[1mError Name: [22m[39m
[31m[1mError[22m[39m
[31m[1m[22m[39m
2019-04-07T18:14:44.383Z [PP] [31m[1merror[22m[39m: 	[31m[1mError Message: [22m[39m
[31m[1mquerySrv ECONNREFUSED _mongodb._tcp.perform-9troj.azure.mongodb.net[22m[39m
[31m[1m[22m[39m
2019-04-07T18:14:44.383Z [PP] [31m[1merror[22m[39m: 	[31m[1mError Stacktrace: [22m[39m
[31m[1mError: querySrv ECONNREFUSED _mongodb._tcp.perform-9troj.azure.mongodb.net[22m[39m
[31m[1m    at QueryReqWrap.onresolve [as oncomplete] (dns.js:198:19)[22m[39m
[31m[1m[22m[39m
2019-04-07T18:14:44.384Z [PP] [31m[1merror[22m[39m: 	[31m[1m\index.js: database failed to setup[22m[39m
2019-04-07T18:14:44.384Z [PP] [31m[1merror[22m[39m: 	[31m[1m\index.js: database start up error - continuing[22m[39m
2019-04-07T18:14:44.385Z [PP] [33m[4minfo[24m[39m: 	[33m[4m[24m[39m
[33m[4m*** STARTING SERVER ***[24m[39m
[33m[4m[24m[39m
2019-04-07T18:14:44.434Z [PP] [33m[4minfo[24m[39m: 	[33m[4m[24m[39m
[33m[4m*** SERVER UP AND RUNNING ***[24m[39m
[33m[4m[24m[39m
